<?xml version="1.0" encoding="UTF-8"?>
<!-- Generated by org.testng.reporters.JUnitReportReporter -->
<testsuite hostname="DESKTOP-E8ITG7R" failures="0" tests="1" name="rahulshettyAcadmy.SubmitOrderTest" time="90.225" errors="0" timestamp="2025-02-07T07:44:07 IST" skipped="0">
  <testcase classname="rahulshettyAcadmy.SubmitOrderTest" name="submitOrder" time="90.225"/>
</testsuite> <!-- rahulshettyAcadmy.SubmitOrderTest -->
